* e3bb414 - 【Cyrus-k】  (HEAD -> main, origin/main, origin/HEAD) final edition (2022-07-13 20:19:35) 
* a6f2f17 - 【Cyrus-k】  final edition? (2022-07-06 17:37:37) 
* 7cbbac5 - 【Cyrus-k】  ddg dataflow analysis done, prepare to construct ddg (2022-07-04 22:09:47) 
* 94a7c70 - 【Cyrus-k】  finish stmtcdg and preparation for ddg done (2022-07-04 17:47:08) 
* 28c1642 - 【Cyrus-k】  complete cfg and fdt based on stmt, cdg based on stmt half-done (2022-07-03 22:21:22) 
* 0f6005b - 【Cyrus-k】  construct cdg (2022-07-02 16:51:38) 
* 4a3e071 - 【Cyrus-k】  construct FDT and prepare to construct CDG (2022-07-01 22:23:11) 
* 9831366 - 【Cyrus-k】  cfg for frontend (2022-07-01 16:53:02) 
* a06d483 - 【Cyrus-k】  complete struct array problem and test general case (2022-06-28 18:10:36) 
* 0d1e7ca - 【Cyrus-k】  add interprocedure fix branch bug (2022-06-27 22:04:03) 
* 708da8d - 【Cyrus-k】  change code structure add struct/class fix array_variable bug (2022-06-26 17:56:25) 
* c6386ba - 【Cyrus-k】  function (2022-06-21 20:41:28) 
* 6e1a81c - 【Cyrus-k】  function relationship (2022-06-21 20:26:24) 
* 688a4f5 - 【Cyrus-k】  implement array (2022-05-28 22:10:33) 
* 9f87e69 - 【Cyrus-k】  undefined variable edition (2022-05-27 20:34:54) 
* a2ee25a - 【Cyrus-k】  ast tree and vardecl again (2022-04-22 16:24:36) 
* d3b93b1 - 【Cyrus-k】  ast tree and vardecl (2022-04-22 16:11:14) 
* 515ce80 - 【Rookie-SY】  Update TemplateChecker.h (2022-04-17 17:39:42) 
* fd961c0 - 【Rookie-SY】  Update TemplateChecker.cpp (2022-04-17 17:39:12) 
*   0b26f65 - 【Rookie-SY】  Merge pull request #3 from Cyrus-k/main (2022-04-16 17:10:11) 
|\  
| * c7ebf7b - 【Cyrus-k】  add shell and example (2022-04-16 17:06:57) 
* | d1d70bb - 【Rookie-SY】  Delete README.md (2022-04-13 21:14:52) 
* | ee6b479 - 【Rookie-SY】  merge  readme (2022-04-13 21:13:12) 
* | 637a8ff - 【yumizhi】  add a (2022-04-13 20:43:27) 
* | 3cfcbc0 - 【Rookie-SY】  Merge pull request #2 from Cyrus-k/main (2022-04-10 17:42:02) 
|\| 
| * 48456e0 - 【Cyrus-k】  first edtion (2022-04-10 17:36:33) 
|/  
*   acb7b23 - 【Rookie-SY】  Merge pull request #1 from Cyrus-k/main (2022-03-27 22:05:41) 
|\  
| *   b8d7801 - 【Rookie-SY】  Merge branch 'main' into main (2022-03-27 22:05:30) 
| |\  
| |/  
|/|   
* | 9b3f1b4 - 【Rookie-SY】  Update Readme.md (2022-03-27 21:48:39) 
| * 375647a - 【Cyrus-k】  first commit (2022-03-27 21:55:26) 
|/  
* b6529ac - 【Rookie-SY】  Create Readme.md (2022-03-27 21:28:09) 